Removing cached TSFC kernels from /home/u28/jcrum/firedrake/firedrake/.cache/tsfc
Removing cached PyOP2 code from /home/u28/jcrum/firedrake/firedrake/.cache/pyop2
DoFs of V are:
1080
SLEPc solve time: 0.107788

******************************
*** SLEPc Solution Results for SminusCurl ***
******************************

Number of iterations of the method: 3
Solution method: krylovschur
Number of requested eigenvalues: 15
Stopping condition: tol=1e-07, maxit=10
Number of converged eigenpairs 17
     1.000000        1.9191e-13
     1.000000       8.36981e-09
     1.000512       5.17771e-13
     1.000512        3.3903e-08
     2.001092       9.32317e-10
     2.001092       4.62506e-09
     2.005954       1.62158e-13
     3.009018       1.67395e-14
     3.009018       8.12186e-15
     4.030089       3.22988e-11
     4.030089       1.65718e-11
     5.032027        4.5004e-10
     5.032027       1.73163e-14
     5.073690       7.62463e-14
     5.073690       2.13484e-09
************************************************************************************************************************
***             WIDEN YOUR WINDOW TO 120 CHARACTERS.  Use 'enscript -r -fCourier9' to print this document            ***
************************************************************************************************************************

---------------------------------------------- PETSc Performance Summary: ----------------------------------------------

/home/u28/jcrum/firedrake/MyFiredrakeWork/TrimmedSerendipityTestCodes/Maxwell_cavity/maxwell_cavity_SminusCurl.py on a default named r1u32n2.puma.hpc.arizona.edu with 94 processors, by jcrum Wed Nov 25 12:00:07 2020
Using Petsc Development GIT revision: v3.4.2-30292-g4fdc5fe  GIT Date: 2020-07-13 18:48:19 +0100

                         Max       Max/Min     Avg       Total
Time (sec):           6.885e+01     1.000   6.885e+01
Objects:              4.830e+02     1.442   3.459e+02
Flop:                 1.593e+09     0.000   4.566e+07  4.292e+09
Flop/sec:             2.314e+07     0.000   6.632e+05  6.234e+07
MPI Messages:         3.343e+03     0.000   3.484e+02  3.274e+04
MPI Message Lengths:  9.764e+05   244102.875   2.450e+02  8.021e+06
MPI Reductions:       3.890e+02     1.000

Flop counting convention: 1 flop = 1 real number operation of type (multiply/divide/add/subtract)
                            e.g., VecAXPY() for real vectors of length N --> 2N flop
                            and VecAXPY() for complex vectors of length N --> 8N flop

Summary of Stages:   ----- Time ------  ----- Flop ------  --- Messages ---  -- Message Lengths --  -- Reductions --
                        Avg     %Total     Avg     %Total    Count   %Total     Avg         %Total    Count   %Total
 0:      Main Stage: 6.8848e+01 100.0%  4.2920e+09 100.0%  3.274e+04 100.0%  2.450e+02      100.0%  3.820e+02  98.2%

------------------------------------------------------------------------------------------------------------------------
See the 'Profiling' chapter of the users' manual for details on interpreting output.
Phase summary info:
   Count: number of times phase was executed
   Time and Flop: Max - maximum over all processors
                  Ratio - ratio of maximum to minimum over all processors
   Mess: number of messages sent
   AvgLen: average message length (bytes)
   Reduct: number of global reductions
   Global: entire computation
   Stage: stages of a computation. Set stages with PetscLogStagePush() and PetscLogStagePop().
      %T - percent time in this phase         %F - percent flop in this phase
      %M - percent messages in this phase     %L - percent message lengths in this phase
      %R - percent reductions in this phase
   Total Mflop/s: 10e-6 * (sum of flop over all processors)/(max time over all processors)
------------------------------------------------------------------------------------------------------------------------
Event                Count      Time (sec)     Flop                              --- Global ---  --- Stage ----  Total
                   Max Ratio  Max     Ratio   Max  Ratio  Mess   AvgLen  Reduct  %T %F %M %L %R  %T %F %M %L %R Mflop/s
------------------------------------------------------------------------------------------------------------------------

--- Event Stage 0: Main Stage

BuildTwoSided         41 1.0 3.5728e-01 1.1 0.00e+00 0.0 1.9e+03 4.0e+00 4.1e+01  1  0  6  0 11   1  0  6  0 11     0
BuildTwoSidedF        10 1.0 3.2798e-02 2.0 0.00e+00 0.0 5.3e+02 3.6e+03 1.0e+01  0  0  2 24  3   0  0  2 24  3     0
SFSetGraph            36 1.0 1.3113e-05 3.7 0.00e+00 0.0 0.0e+00 0.0e+00 0.0e+00  0  0  0  0  0   0  0  0  0  0     0
SFSetUp               32 1.0 3.2700e-01 1.1 0.00e+00 0.0 3.3e+03 2.9e+01 3.1e+01  0  0 10  1  8   0  0 10  1  8     0
SFBcastOpBegin       354 1.0 2.0411e-0310.8 0.00e+00 0.0 2.9e+04 2.1e+02 0.0e+00  0  0 87 75  0   0  0 87 75  0     0
SFBcastOpEnd         354 1.0 4.2634e-02421.7 0.00e+00 0.0 0.0e+00 0.0e+00 0.0e+00  0  0  0  0  0   0  0  0  0  0     0
SFReduceBegin          4 1.0 3.6645e-0440.4 0.00e+00 0.0 1.1e+02 2.1e+01 0.0e+00  0  0  0  0  0   0  0  0  0  0     0
SFReduceEnd            4 1.0 2.7871e-04167.0 0.00e+00 0.0 0.0e+00 0.0e+00 0.0e+00  0  0  0  0  0   0  0  0  0  0     0
SFFetchOpBegin         1 1.0 5.2452e-0611.0 0.00e+00 0.0 3.3e+01 7.6e+00 0.0e+00  0  0  0  0  0   0  0  0  0  0     0
SFFetchOpEnd           1 1.0 7.6771e-041610.0 0.00e+00 0.0 3.3e+01 7.6e+00 0.0e+00  0  0  0  0  0   0  0  0  0  0     0
SFCreateEmbed          2 1.0 4.1246e-05 5.4 0.00e+00 0.0 1.1e+02 4.4e+00 0.0e+00  0  0  0  0  0   0  0  0  0  0     0
SFDistSection         16 1.0 2.3107e-01 1.4 0.00e+00 0.0 2.0e+03 1.5e+01 1.6e+01  0  0  6  0  4   0  0  6  0  4     0
SFSectionSF           16 1.0 1.8802e-01 1.1 0.00e+00 0.0 1.2e+03 8.8e+00 1.6e+01  0  0  4  0  4   0  0  4  0  4     0
SFPack               359 1.0 1.2136e-04 5.8 0.00e+00 0.0 0.0e+00 0.0e+00 0.0e+00  0  0  0  0  0   0  0  0  0  0     0
SFUnpack             360 1.0 6.2466e-05 3.7 0.00e+00 0.0 0.0e+00 0.0e+00 0.0e+00  0  0  0  0  0   0  0  0  0  0     0
VecDot                17 1.0 1.0457e-03 8.2 3.86e+03 0.0 0.0e+00 0.0e+00 1.7e+01  0  0  0  0  4   0  0  0  0  4    35
VecNorm               34 1.0 2.8312e-03 4.5 7.75e+03 0.0 0.0e+00 0.0e+00 3.4e+01  0  0  0  0  9   0  0  0  0  9    26
VecScale              68 1.0 7.1526e-06 2.3 0.00e+00 0.0 0.0e+00 0.0e+00 0.0e+00  0  0  0  0  0   0  0  0  0  0     0
VecCopy               69 1.0 1.4329e-0424.0 0.00e+00 0.0 0.0e+00 0.0e+00 0.0e+00  0  0  0  0  0   0  0  0  0  0     0
VecSet               127 1.0 2.8849e-05 2.1 0.00e+00 0.0 0.0e+00 0.0e+00 0.0e+00  0  0  0  0  0   0  0  0  0  0     0
VecAXPY               17 1.0 4.2915e-06 4.5 3.88e+03 0.0 0.0e+00 0.0e+00 0.0e+00  0  0  0  0  0   0  0  0  0  0  8556
VecScatterBegin      279 1.0 1.7312e-03 8.8 0.00e+00 0.0 2.5e+04 2.4e+02 0.0e+00  0  0 75 73  0   0  0 75 73  0     0
VecScatterEnd        279 1.0 3.6752e-0327.9 0.00e+00 0.0 0.0e+00 0.0e+00 0.0e+00  0  0  0  0  0   0  0  0  0  0     0
VecSetRandom           1 1.0 5.0068e-0621.0 0.00e+00 0.0 0.0e+00 0.0e+00 0.0e+00  0  0  0  0  0   0  0  0  0  0     0
MatMult              211 1.0 1.3388e-01 1.0 1.59e+09 0.0 2.5e+04 2.4e+02 5.0e+00  0100 76 74  1   0100 76 74  1 31979
MatSolve              68 1.0 1.3116e-01 1.0 1.59e+09 0.0 5.5e+03 1.1e+02 5.0e+00  0 99 17  7  1   0 99 17  7  1 32424
MatLUFactorSym         1 1.0 1.5291e-02 1.0 0.00e+00 0.0 0.0e+00 0.0e+00 4.0e+00  0  0  0  0  1   0  0  0  0  1     0
MatLUFactorNum         1 1.0 3.7270e-02 1.0 5.77e+04 0.0 0.0e+00 0.0e+00 0.0e+00  0  0  0  0  0   0  0  0  0  0     7
MatConvert             1 1.0 1.3082e-03 7.7 0.00e+00 0.0 1.8e+02 7.0e+01 1.0e+00  0  0  1  0  0   0  0  1  0  0     0
MatAssemblyBegin      10 1.0 3.3031e-02 2.0 0.00e+00 0.0 5.3e+02 3.6e+03 1.0e+01  0  0  2 24  3   0  0  2 24  3     0
MatAssemblyEnd        10 1.0 9.0075e-02 1.2 7.04e+03 0.0 5.5e+02 7.0e+01 1.5e+01  0  0  2  0  4   0  0  2  0  4     0
MatAXPY                1 1.0 2.4369e-03 1.7 9.43e+03 0.0 1.8e+02 7.0e+01 8.0e+00  0  0  1  0  2   0  0  1  0  2    28
PCSetUp                1 1.0 5.7422e-02 1.0 5.77e+04 0.0 0.0e+00 0.0e+00 6.0e+00  0  0  0  0  2   0  0  0  0  2     5
PCApply               68 1.0 1.3118e-01 1.0 1.59e+09 0.0 5.5e+03 1.1e+02 5.0e+00  0 99 17  7  1   0 99 17  7  1 32418
KSPSetUp               1 1.0 9.5367e-07 0.0 0.00e+00 0.0 0.0e+00 0.0e+00 0.0e+00  0  0  0  0  0   0  0  0  0  0     0
KSPSolve              68 1.0 1.3128e-01 1.0 1.59e+09 0.0 5.5e+03 1.1e+02 5.0e+00  0 99 17  7  1   0 99 17  7  1 32393
DMPlexCrFrCeLi         1 1.0 3.1793e-0272.4 0.00e+00 0.0 0.0e+00 0.0e+00 1.0e+00  0  0  0  0  0   0  0  0  0  0     0
DMPlexCrFrCeLiCo       1 1.0 7.0095e-05 3.0 0.00e+00 0.0 0.0e+00 0.0e+00 0.0e+00  0  0  0  0  0   0  0  0  0  0     0
Mesh Partition         2 1.0 3.0349e-01 1.0 0.00e+00 0.0 9.2e+02 1.5e+01 2.4e+01  0  0  3  0  6   0  0  3  0  6     0
Mesh Migration         2 1.0 7.5970e-01 1.0 0.00e+00 0.0 3.9e+03 1.4e+01 1.0e+02  1  0 12  1 26   1  0 12  1 27     0
DMPlexPartSelf         1 1.0 1.2882e-021000.6 0.00e+00 0.0 0.0e+00 0.0e+00 0.0e+00  0  0  0  0  0   0  0  0  0  0     0
DMPlexPartLblInv       2 1.0 6.4403e-02 1.3 0.00e+00 0.0 0.0e+00 0.0e+00 6.0e+00  0  0  0  0  2   0  0  0  0  2     0
DMPlexPartLblSF        2 1.0 3.1565e-02 2.4 0.00e+00 0.0 2.2e+02 1.1e+01 2.0e+00  0  0  1  0  1   0  0  1  0  1     0
DMPlexPartStrtSF       2 1.0 1.2750e-02275.7 0.00e+00 0.0 1.1e+02 3.5e+01 0.0e+00  0  0  0  0  0   0  0  0  0  0     0
DMPlexPointSF          2 1.0 4.5323e-0422.1 0.00e+00 0.0 1.3e+02 4.4e+01 0.0e+00  0  0  0  0  0   0  0  0  0  0     0
DMPlexInterp           1 1.0 5.6664e-02 2.5 0.00e+00 0.0 0.0e+00 0.0e+00 2.0e+00  0  0  0  0  1   0  0  0  0  1     0
DMPlexDistribute       1 1.0 3.8762e-01 1.1 0.00e+00 0.0 6.6e+02 2.9e+01 5.3e+01  1  0  2  0 14   1  0  2  0 14     0
DMPlexDistCones        2 1.0 5.6780e-02 1.8 0.00e+00 0.0 6.3e+02 2.0e+01 4.0e+00  0  0  2  0  1   0  0  2  0  1     0
DMPlexDistLabels       2 1.0 4.0258e-01 1.0 0.00e+00 0.0 2.1e+03 1.3e+01 7.6e+01  1  0  6  0 20   1  0  6  0 20     0
DMPlexDistOvrlp        1 1.0 7.1169e-01 1.0 0.00e+00 0.0 4.3e+03 1.2e+01 7.3e+01  1  0 13  1 19   1  0 13  1 19     0
DMPlexDistField        3 1.0 9.0740e-02 1.4 0.00e+00 0.0 8.3e+02 1.1e+01 8.0e+00  0  0  3  0  2   0  0  3  0  2     0
DMPlexDistData         1 1.0 2.5940e-02 2.0 0.00e+00 0.0 3.4e+02 1.0e+01 2.0e+00  0  0  1  0  1   0  0  1  0  1     0
DMPlexStratify         4 1.0 7.6426e-02 3.8 0.00e+00 0.0 0.0e+00 0.0e+00 4.0e+00  0  0  0  0  1   0  0  0  0  1     0
DMPlexSymmetrize       4 1.0 1.3113e-05 6.9 0.00e+00 0.0 0.0e+00 0.0e+00 0.0e+00  0  0  0  0  0   0  0  0  0  0     0
EPSSetUp               1 1.0 6.3380e-02 1.0 6.47e+04 0.0 3.7e+02 7.0e+01 2.1e+01  0  0  1  0  5   0  0  1  0  5     5
EPSSolve               1 1.0 1.0801e-01 1.0 1.19e+09 0.0 1.7e+04 2.3e+02 1.0e+02  0 75 53 50 26   0 75 53 50 27 29802
STSetUp                1 1.0 6.1122e-02 1.0 6.47e+04 0.0 3.7e+02 7.0e+01 1.7e+01  0  0  1  0  4   0  0  1  0  4     6
STComputeOperatr       1 1.0 3.0911e-03 1.5 9.43e+03 0.0 3.7e+02 7.0e+01 9.0e+00  0  0  1  0  2   0  0  1  0  2    22
STApply               68 1.0 1.3191e-01 1.0 1.59e+09 0.0 1.2e+04 2.0e+02 5.0e+00  0 99 36 29  1   0 99 36 29  1 32310
STMatSolve            68 1.0 1.3138e-01 1.0 1.59e+09 0.0 5.5e+03 1.1e+02 5.0e+00  0 99 17  7  1   0 99 17  7  1 32370
BVCopy                71 1.0 1.7071e-04 5.6 0.00e+00 0.0 0.0e+00 0.0e+00 0.0e+00  0  0  0  0  0   0  0  0  0  0     0
BVMultVec             92 1.0 1.8859e-04 9.5 4.09e+05 0.0 0.0e+00 0.0e+00 0.0e+00  0  0  0  0  0   0  0  0  0  0 20570
BVMultInPlace          3 1.0 8.0585e-0567.6 2.02e+05 0.0 0.0e+00 0.0e+00 0.0e+00  0  0  0  0  0   0  0  0  0  0 23721
BVDotVec              92 1.0 4.2574e-03 1.2 2.15e+06 0.0 8.5e+03 2.7e+02 9.4e+01  0  0 26 29 24   0  0 26 29 25  3916
BVOrthogonalizeV      51 1.0 4.7529e-03 1.2 2.56e+06 0.0 8.5e+03 2.7e+02 9.4e+01  0  0 26 29 24   0  0 26 29 25  4324
BVScale               68 1.0 1.7405e-05 5.6 7.75e+03 0.0 0.0e+00 0.0e+00 0.0e+00  0  0  0  0  0   0  0  0  0  0  4220
BVNormVec             17 1.0 1.4374e-03 1.5 3.22e+05 0.0 1.6e+03 2.7e+02 1.7e+01  0  0  5  5  4   0  0  5  5  4  1644
BVNormalize            1 1.0 1.4436e-03 1.5 3.24e+05 0.0 1.6e+03 2.7e+02 1.7e+01  0  0  5  5  4   0  0  5  5  4  1650
BVSetRandom            1 1.0 2.0981e-05 4.9 0.00e+00 0.0 0.0e+00 0.0e+00 0.0e+00  0  0  0  0  0   0  0  0  0  0     0
BVMatMultVec          50 1.0 8.9836e-02 1.0 1.17e+09 0.0 8.4e+03 2.0e+02 0.0e+00  0 73 26 21  0   0 73 26 21  0 34883
DSSolve                3 1.0 1.2472e-03 3.7 0.00e+00 0.0 0.0e+00 0.0e+00 0.0e+00  0  0  0  0  0   0  0  0  0  0     0
DSVectors             20 1.0 5.2452e-06 5.5 0.00e+00 0.0 0.0e+00 0.0e+00 0.0e+00  0  0  0  0  0   0  0  0  0  0     0
DSOther                8 1.0 2.4796e-05 1.4 0.00e+00 0.0 0.0e+00 0.0e+00 0.0e+00  0  0  0  0  0   0  0  0  0  0     0
CreateMesh             7 1.0 1.2149e+00 1.0 0.00e+00 0.0 5.0e+03 1.5e+01 1.3e+02  2  0 15  1 33   2  0 15  1 34     0
CreateExtMesh          1 1.0 1.8940e+00 1.0 0.00e+00 0.0 5.0e+03 1.2e+01 8.2e+01  3  0 15  1 21   3  0 15  1 21     0
Mesh: reorder          1 1.0 3.4960e-02 2.6 0.00e+00 0.0 0.0e+00 0.0e+00 2.0e+00  0  0  0  0  1   0  0  0  0  1     0
Mesh: numbering        1 1.0 3.7982e-02 1.4 0.00e+00 0.0 0.0e+00 0.0e+00 2.0e+00  0  0  0  0  1   0  0  0  0  1     0
CreateFunctionSpace       3 1.0 1.0854e+01 2.0 0.00e+00 0.0 7.2e+02 1.1e+01 3.0e+00  8  0  2  0  1   8  0  2  0  1     0
ParLoopExecute         3 1.0 1.2301e+01 1.0 6.47e+03 0.0 4.2e+02 5.2e+01 5.0e+00 18  0  1  0  1  18  0  1  0  1     0
ParLoop_Cells_wrap_pyop2_kernel_uniform_extrusion       2 1.0 1.7810e-04 2.3 0.00e+00 0.0 0.0e+00 0.0e+00 0.0e+00  0  0  0  0  0   0  0  0  0  0     0
CreateSparsity         1 1.0 1.1441e-01 1.2 0.00e+00 0.0 2.6e+02 1.9e+03 7.0e+00  0  0  1  6  2   0  0  1  6  2     0
MatZeroInitial         2 1.0 5.1808e-0421.5 0.00e+00 0.0 0.0e+00 0.0e+00 0.0e+00  0  0  0  0  0   0  0  0  0  0     0
ParLoop_Cells_wrap_form00_cell_integral_otherwise       4 1.0 1.3239e-03 8.0 6.47e+03 0.0 0.0e+00 0.0e+00 0.0e+00  0  0  0  0  0   0  0  0  0  0    25
Solve                  1 1.0 1.0805e-01 1.0 1.19e+09 0.0 1.7e+04 2.3e+02 1.0e+02  0 75 53 50 26   0 75 53 50 27 29792
------------------------------------------------------------------------------------------------------------------------

Memory usage is given in bytes:

Object Type          Creations   Destructions     Memory  Descendants' Mem.
Reports information only for process 0.

--- Event Stage 0: Main Stage

           Container     4              4         2304     0.
              Viewer     1              0            0     0.
         PetscRandom     1              1          646     0.
           Index Set   190            190       172632     0.
   IS L to G Mapping     8              8        14800     0.
             Section    73             73        51976     0.
   Star Forest Graph    57             57        60688     0.
         Vec Scatter     6              6         4800     0.
              Vector    40             40        91160     0.
              Matrix    21             21       112420     0.
      Preconditioner     1              1         1008     0.
       Krylov Solver     1              1         1408     0.
    GraphPartitioner     4              4         2692     0.
    Distributed Mesh    12             12        62072     0.
            DM Label    43             43        27176     0.
     Discrete System    16             16        14976     0.
          EPS Solver     1              1         2540     0.
  Spectral Transform     1              1          888     0.
       Basis Vectors     1              1        11408     0.
       Direct Solver     1              1        25836     0.
              Region     1              1          672     0.
========================================================================================================================
Average time to get PetscTime(): 4.76837e-08
Average time for MPI_Barrier(): 1.23501e-05
Average time for zero size MPI_Send(): 1.27326e-06
#PETSc Option Table entries:
-eps_max_it 10
-eps_nev 15
-eps_target 3.0
-eps_tol 1e-7
-log_view
-mat_mumps_icntl_13 1
-mat_mumps_icntl_14 200
-st_type sinvert
#End of PETSc Option Table entries
Compiled without FORTRAN kernels
Compiled with full precision matrices (default)
sizeof(short) 2 sizeof(int) 4 sizeof(long) 8 sizeof(void*) 8 sizeof(PetscScalar) 8 sizeof(PetscInt) 4
Configure options: PETSC_DIR=/home/u28/jcrum/firedrake/firedrake/src/petsc PETSC_ARCH=default --download-hypre --download-scalapack --download-hdf5=https://support.hdfgroup.org/ftp/HDF5/releases/hdf5-1.10/hdf5-1.10.6/src/hdf5-1.10.6.tar.bz2 --download-eigen="/home/u28/jcrum/firedrake/firedrake/src/eigen-3.3.3.tgz " --with-c2html=0 --download-hwloc --download-pastix --download-mpich --download-netcdf --with-debugging=0 --with-shared-libraries=1 --download-chaco --with-zlib --with-cxx-dialect=C++11 --download-suitesparse --download-metis --download-mumps --download-pnetcdf --download-ptscotch --download-superlu_dist --with-fortran-bindings=0 --download-ml
-----------------------------------------
Libraries compiled on 2020-09-18 21:38:30 on gpu37 
Machine characteristics: Linux-3.10.0-1127.el7.x86_64-x86_64-with-glibc2.2.5
Using PETSc directory: /home/u28/jcrum/firedrake/firedrake/src/petsc
Using PETSc arch: default
-----------------------------------------

Using C compiler: /home/u28/jcrum/firedrake/firedrake/src/petsc/default/bin/mpicc  -Wall -Wwrite-strings -Wno-strict-aliasing -Wno-unknown-pragmas -fstack-protector -fvisibility=hidden -g -O   
Using Fortran compiler: /home/u28/jcrum/firedrake/firedrake/src/petsc/default/bin/mpif90  -Wall -ffree-line-length-0 -Wno-unused-dummy-argument -g -O    
-----------------------------------------

Using include paths: -I/home/u28/jcrum/firedrake/firedrake/src/petsc/include -I/home/u28/jcrum/firedrake/firedrake/src/petsc/default/include -I/home/u28/jcrum/firedrake/firedrake/src/petsc/default/include/eigen3
-----------------------------------------

Using C linker: /home/u28/jcrum/firedrake/firedrake/src/petsc/default/bin/mpicc
Using Fortran linker: /home/u28/jcrum/firedrake/firedrake/src/petsc/default/bin/mpif90
Using libraries: -Wl,-rpath,/home/u28/jcrum/firedrake/firedrake/src/petsc/default/lib -L/home/u28/jcrum/firedrake/firedrake/src/petsc/default/lib -lpetsc -Wl,-rpath,/home/u28/jcrum/firedrake/firedrake/src/petsc/default/lib -L/home/u28/jcrum/firedrake/firedrake/src/petsc/default/lib -Wl,-rpath,/opt/ohpc/pub/compiler/gcc/8.3.0/lib/gcc/x86_64-pc-linux-gnu/8.3.0 -L/opt/ohpc/pub/compiler/gcc/8.3.0/lib/gcc/x86_64-pc-linux-gnu/8.3.0 -Wl,-rpath,/opt/ohpc/pub/compiler/gcc/8.3.0/lib64 -L/opt/ohpc/pub/compiler/gcc/8.3.0/lib64 -Wl,-rpath,/opt/ohpc/pub/compiler/gcc/8.3.0/lib -L/opt/ohpc/pub/compiler/gcc/8.3.0/lib -lHYPRE -lcmumps -ldmumps -lsmumps -lzmumps -lmumps_common -lpord -lscalapack -lpastix -lumfpack -lklu -lcholmod -lbtf -lccolamd -lcolamd -lcamd -lamd -lsuitesparseconfig -lsuperlu_dist -lml -llapack -lblas -lptesmumps -lptscotchparmetis -lptscotch -lptscotcherr -lesmumps -lscotch -lscotcherr -lpthread -lhwloc -lX11 -lnetcdf -lpnetcdf -lhdf5hl_fortran -lhdf5_fortran -lhdf5_hl -lhdf5 -lchaco -lmetis -lm -lz -lstdc++ -ldl -lmpifort -lmpi -lgfortran -lm -lgfortran -lm -lgcc_s -lquadmath -lrt -lm -lrt -lstdc++ -ldl
-----------------------------------------

