Removing cached TSFC kernels from /home/u28/jcrum/firedrake/firedrake/.cache/tsfc
Removing cached PyOP2 code from /home/u28/jcrum/firedrake/firedrake/.cache/pyop2
DoFs of V are:
7344
SLEPc solve time: 357.481756

******************************
*** SLEPc Solution Results for SminusCurl ***
******************************

Number of iterations of the method: 3
Solution method: krylovschur
Number of requested eigenvalues: 15
Stopping condition: tol=1e-07, maxit=489
Number of converged eigenpairs 19
     1.000000       2.33589e-11
     1.000000       2.38603e-09
     1.000033       1.10771e-08
     1.000033       1.71225e-09
     2.000066       1.20394e-08
     2.000066       3.94527e-13
     2.000390       4.87742e-12
     3.000586       2.60458e-14
     3.000586       4.42034e-14
     4.002049       4.32595e-13
     4.002049       1.47634e-12
     5.002097        1.5933e-10
     5.002097       1.14439e-10
     5.005231       4.81237e-09
     5.005231       2.34535e-09
     6.004976       3.48447e-11
************************************************************************************************************************
***             WIDEN YOUR WINDOW TO 120 CHARACTERS.  Use 'enscript -r -fCourier9' to print this document            ***
************************************************************************************************************************

---------------------------------------------- PETSc Performance Summary: ----------------------------------------------

/home/u28/jcrum/firedrake/MyFiredrakeWork/TrimmedSerendipityTestCodes/Maxwell_cavity/maxwell_cavity_SminusCurl.py on a default named r4u10n2.puma.hpc.arizona.edu with 94 processors, by jcrum Mon Nov 30 14:07:10 2020
Using Petsc Development GIT revision: v3.4.2-30292-g4fdc5fe  GIT Date: 2020-07-13 18:48:19 +0100

                         Max       Max/Min     Avg       Total
Time (sec):           7.651e+02     1.000   7.650e+02
Objects:              6.300e+02     1.875   3.814e+02
Flop:                 2.308e+10   508.895   1.595e+09  1.500e+11
Flop/sec:             3.017e+07   508.896   2.085e+06  1.960e+08
MPI Messages:         5.496e+03    69.563   2.135e+03  2.007e+05
MPI Message Lengths:  2.369e+06   489.062   3.873e+02  7.774e+07
MPI Reductions:       4.060e+02     1.000

Flop counting convention: 1 flop = 1 real number operation of type (multiply/divide/add/subtract)
                            e.g., VecAXPY() for real vectors of length N --> 2N flop
                            and VecAXPY() for complex vectors of length N --> 8N flop

Summary of Stages:   ----- Time ------  ----- Flop ------  --- Messages ---  -- Message Lengths --  -- Reductions --
                        Avg     %Total     Avg     %Total    Count   %Total     Avg         %Total    Count   %Total
 0:      Main Stage: 7.6504e+02 100.0%  1.4995e+11 100.0%  2.007e+05 100.0%  3.873e+02      100.0%  3.990e+02  98.3%

------------------------------------------------------------------------------------------------------------------------
See the 'Profiling' chapter of the users' manual for details on interpreting output.
Phase summary info:
   Count: number of times phase was executed
   Time and Flop: Max - maximum over all processors
                  Ratio - ratio of maximum to minimum over all processors
   Mess: number of messages sent
   AvgLen: average message length (bytes)
   Reduct: number of global reductions
   Global: entire computation
   Stage: stages of a computation. Set stages with PetscLogStagePush() and PetscLogStagePop().
      %T - percent time in this phase         %F - percent flop in this phase
      %M - percent messages in this phase     %L - percent message lengths in this phase
      %R - percent reductions in this phase
   Total Mflop/s: 10e-6 * (sum of flop over all processors)/(max time over all processors)
------------------------------------------------------------------------------------------------------------------------
Event                Count      Time (sec)     Flop                              --- Global ---  --- Stage ----  Total
                   Max Ratio  Max     Ratio   Max  Ratio  Mess   AvgLen  Reduct  %T %F %M %L %R  %T %F %M %L %R Mflop/s
------------------------------------------------------------------------------------------------------------------------

--- Event Stage 0: Main Stage

BuildTwoSided         41 1.0 3.1180e+00 1.2 0.00e+00 0.0 9.6e+03 4.0e+00 4.1e+01  0  0  5  0 10   0  0  5  0 10     0
BuildTwoSidedF        10 1.0 7.8830e-01 1.4 0.00e+00 0.0 2.1e+03 8.6e+03 1.0e+01  0  0  1 24  2   0  0  1 24  3     0
SFSetGraph            36 1.0 7.6532e-05 6.3 0.00e+00 0.0 0.0e+00 0.0e+00 0.0e+00  0  0  0  0  0   0  0  0  0  0     0
SFSetUp               32 1.0 2.5125e+00 1.2 0.00e+00 0.0 1.7e+04 4.5e+01 3.1e+01  0  0  9  1  8   0  0  9  1  8     0
SFBcastOpBegin       383 1.0 3.2436e-0215.3 0.00e+00 0.0 1.8e+05 3.3e+02 0.0e+00  0  0 89 75  0   0  0 89 75  0     0
SFBcastOpEnd         383 1.0 7.2481e+0011760.5 0.00e+00 0.0 0.0e+00 0.0e+00 0.0e+00  0  0  0  0  0   0  0  0  0  0     0
SFReduceBegin          4 1.0 1.7980e-02919.7 0.00e+00 0.0 5.5e+02 1.9e+01 0.0e+00  0  0  0  0  0   0  0  0  0  0     0
SFReduceEnd            4 1.0 5.2959e-0214808.3 0.00e+00 0.0 0.0e+00 0.0e+00 0.0e+00  0  0  0  0  0   0  0  0  0  0     0
SFFetchOpBegin         1 1.0 9.0599e-06 9.5 0.00e+00 0.0 1.6e+02 7.1e+00 0.0e+00  0  0  0  0  0   0  0  0  0  0     0
SFFetchOpEnd           1 1.0 6.0980e-0251154.0 0.00e+00 0.0 1.6e+02 7.1e+00 0.0e+00  0  0  0  0  0   0  0  0  0  0     0
SFCreateEmbed          2 1.0 4.1813e-022617.6 0.00e+00 0.0 6.1e+02 3.6e+00 0.0e+00  0  0  0  0  0   0  0  0  0  0     0
SFDistSection         16 1.0 1.2787e+00 1.4 0.00e+00 0.0 1.1e+04 1.2e+01 1.6e+01  0  0  5  0  4   0  0  5  0  4     0
SFSectionSF           16 1.0 1.3113e+00 1.4 0.00e+00 0.0 5.6e+03 8.6e+00 1.6e+01  0  0  3  0  4   0  0  3  0  4     0
SFPack               388 1.0 1.3621e-0266.6 0.00e+00 0.0 0.0e+00 0.0e+00 0.0e+00  0  0  0  0  0   0  0  0  0  0     0
SFUnpack             389 1.0 4.2391e-04 5.4 0.00e+00 0.0 0.0e+00 0.0e+00 0.0e+00  0  0  0  0  0   0  0  0  0  0     0
VecDot                19 1.0 1.4175e+00 1.8 8.26e+03 0.0 0.0e+00 0.0e+00 1.9e+01  0  0  0  0  5   0  0  0  0  5     0
VecNorm               38 1.0 2.3717e+00 1.5 1.66e+04 0.0 0.0e+00 0.0e+00 3.8e+01  0  0  0  0  9   0  0  0  0 10     0
VecScale              74 1.0 5.6267e-05 3.2 0.00e+00 0.0 0.0e+00 0.0e+00 0.0e+00  0  0  0  0  0   0  0  0  0  0     0
VecCopy               77 1.0 1.2271e-02329.9 0.00e+00 0.0 0.0e+00 0.0e+00 0.0e+00  0  0  0  0  0   0  0  0  0  0     0
VecSet               139 1.0 2.7180e-04 2.9 0.00e+00 0.0 0.0e+00 0.0e+00 0.0e+00  0  0  0  0  0   0  0  0  0  0     0
VecAXPY               19 1.0 7.7009e-0511.5 8.28e+03 0.0 0.0e+00 0.0e+00 0.0e+00  0  0  0  0  0   0  0  0  0  0  3624
VecScatterBegin      308 1.0 2.9138e-0210.2 0.00e+00 0.0 1.6e+05 3.7e+02 0.0e+00  0  0 78 75  0   0  0 78 75  0     0
VecScatterEnd        308 1.0 6.2988e+006049.7 0.00e+00 0.0 0.0e+00 0.0e+00 0.0e+00  0  0  0  0  0   0  0  0  0  0     0
VecSetRandom           1 1.0 2.5034e-0552.5 0.00e+00 0.0 0.0e+00 0.0e+00 0.0e+00  0  0  0  0  0   0  0  0  0  0     0
MatMult              234 1.0 4.7651e+02 1.0 2.31e+10508.9 1.6e+05 3.6e+02 5.0e+00 62100 80 75  1  62100 80 75  1   315
MatSolve              74 1.0 4.7253e+02 1.0 2.31e+10508.9 4.7e+04 9.4e+01 5.0e+00 62100 24  6  1  62100 24  6  1   317
MatLUFactorSym         1 1.0 6.3716e+00 1.0 0.00e+00 0.0 0.0e+00 0.0e+00 4.0e+00  1  0  0  0  1   1  0  0  0  1     0
MatLUFactorNum         1 1.0 5.4972e+00 1.0 5.19e+05 0.0 0.0e+00 0.0e+00 0.0e+00  1  0  0  0  0   1  0  0  0  0     1
MatConvert             1 1.0 8.5522e-02 3.5 0.00e+00 0.0 9.7e+02 1.2e+02 1.0e+00  0  0  0  0  0   0  0  0  0  0     0
MatAssemblyBegin      10 1.0 7.9067e-01 1.4 0.00e+00 0.0 2.1e+03 8.6e+03 1.0e+01  0  0  1 24  2   0  0  1 24  3     0
MatAssemblyEnd        10 1.0 1.0492e+00 1.2 1.55e+04 0.0 2.9e+03 1.2e+02 1.5e+01  0  0  1  0  4   0  0  1  0  4     0
MatAXPY                1 1.0 5.7695e-01 1.1 1.87e+04 0.0 9.7e+02 1.2e+02 8.0e+00  0  0  0  0  2   0  0  0  0  2     1
PCSetUp                1 1.0 1.2782e+01 1.0 5.19e+05 0.0 0.0e+00 0.0e+00 6.0e+00  2  0  0  0  1   2  0  0  0  2     0
PCApply               74 1.0 4.7253e+02 1.0 2.31e+10508.9 4.7e+04 9.4e+01 5.0e+00 62100 24  6  1  62100 24  6  1   317
KSPSetUp               1 1.0 2.6226e-0611.0 0.00e+00 0.0 0.0e+00 0.0e+00 0.0e+00  0  0  0  0  0   0  0  0  0  0     0
KSPSolve              74 1.0 4.7253e+02 1.0 2.31e+10508.9 4.7e+04 9.4e+01 5.0e+00 62100 24  6  1  62100 24  6  1   317
DMPlexCrFrCeLi         1 1.0 7.5314e-02 3.4 0.00e+00 0.0 0.0e+00 0.0e+00 1.0e+00  0  0  0  0  0   0  0  0  0  0     0
DMPlexCrFrCeLiCo       1 1.0 1.0839e-02293.3 0.00e+00 0.0 0.0e+00 0.0e+00 0.0e+00  0  0  0  0  0   0  0  0  0  0     0
Mesh Partition         2 1.0 1.5141e+00 1.1 0.00e+00 0.0 4.7e+03 1.3e+01 2.4e+01  0  0  2  0  6   0  0  2  0  6     0
Mesh Migration         2 1.0 4.1258e+00 1.0 0.00e+00 0.0 2.0e+04 1.2e+01 1.0e+02  1  0 10  0 25   1  0 10  0 26     0
DMPlexPartSelf         1 1.0 1.0090e-03145.9 0.00e+00 0.0 0.0e+00 0.0e+00 0.0e+00  0  0  0  0  0   0  0  0  0  0     0
DMPlexPartLblInv       2 1.0 2.8119e-01 1.9 0.00e+00 0.0 0.0e+00 0.0e+00 6.0e+00  0  0  0  0  1   0  0  0  0  2     0
DMPlexPartLblSF        2 1.0 2.1952e-01 2.0 0.00e+00 0.0 1.2e+03 9.2e+00 2.0e+00  0  0  1  0  0   0  0  1  0  1     0
DMPlexPartStrtSF       2 1.0 4.9813e-021461.0 0.00e+00 0.0 6.1e+02 2.9e+01 0.0e+00  0  0  0  0  0   0  0  0  0  0     0
DMPlexPointSF          2 1.0 5.1974e-02964.6 0.00e+00 0.0 6.7e+02 3.6e+01 0.0e+00  0  0  0  0  0   0  0  0  0  0     0
DMPlexInterp           1 1.0 1.4866e-01 1.4 0.00e+00 0.0 0.0e+00 0.0e+00 2.0e+00  0  0  0  0  0   0  0  0  0  1     0
DMPlexDistribute       1 1.0 2.1838e+00 1.0 0.00e+00 0.0 2.6e+03 3.1e+01 5.3e+01  0  0  1  0 13   0  0  1  0 13     0
DMPlexDistCones        2 1.0 3.8242e-01 1.3 0.00e+00 0.0 3.3e+03 1.7e+01 4.0e+00  0  0  2  0  1   0  0  2  0  1     0
DMPlexDistLabels       2 1.0 2.2645e+00 1.0 0.00e+00 0.0 1.0e+04 1.2e+01 7.6e+01  0  0  5  0 19   0  0  5  0 19     0
DMPlexDistOvrlp        1 1.0 3.5297e+00 1.0 0.00e+00 0.0 2.3e+04 1.1e+01 7.3e+01  0  0 11  0 18   0  0 11  0 18     0
DMPlexDistField        3 1.0 5.8811e-01 1.3 0.00e+00 0.0 4.2e+03 1.0e+01 8.0e+00  0  0  2  0  2   0  0  2  0  2     0
DMPlexDistData         1 1.0 1.8278e-01 1.5 0.00e+00 0.0 1.8e+03 8.9e+00 2.0e+00  0  0  1  0  0   0  0  1  0  1     0
DMPlexStratify         4 1.0 2.8147e-01 2.2 0.00e+00 0.0 0.0e+00 0.0e+00 4.0e+00  0  0  0  0  1   0  0  0  0  1     0
DMPlexSymmetrize       4 1.0 7.2956e-0519.1 0.00e+00 0.0 0.0e+00 0.0e+00 0.0e+00  0  0  0  0  0   0  0  0  0  0     0
EPSSetUp               1 1.0 1.3608e+01 1.0 5.19e+05 0.0 1.9e+03 1.2e+02 2.1e+01  2  0  1  0  5   2  0  1  0  5     0
EPSSolve               1 1.0 3.5751e+02 1.0 1.72e+10508.9 1.1e+05 3.5e+02 1.1e+02 47 74 56 51 28  47 74 56 51 29   312
STSetUp                1 1.0 1.3469e+01 1.0 5.19e+05 0.0 1.9e+03 1.2e+02 1.7e+01  2  0  1  0  4   2  0  1  0  4     0
STComputeOperatr       1 1.0 6.2005e-01 1.1 1.87e+04 0.0 1.9e+03 1.2e+02 9.0e+00  0  0  1  0  2   0  0  1  0  2     1
STApply               74 1.0 4.7357e+02 1.0 2.31e+10508.9 8.3e+04 2.6e+02 5.0e+00 62100 41 28  1  62100 41 28  1   316
STMatSolve            74 1.0 4.7253e+02 1.0 2.31e+10508.9 4.7e+04 9.4e+01 5.0e+00 62100 24  6  1  62100 24  6  1   317
BVCopy                79 1.0 1.2627e-0283.8 0.00e+00 0.0 0.0e+00 0.0e+00 0.0e+00  0  0  0  0  0   0  0  0  0  0     0
BVMultVec            103 1.0 1.4920e-0283.5 8.74e+05 0.0 0.0e+00 0.0e+00 0.0e+00  0  0  0  0  0   0  0  0  0  0  1974
BVMultInPlace          3 1.0 7.1788e-04250.9 4.98e+05 0.0 0.0e+00 0.0e+00 0.0e+00  0  0  0  0  0   0  0  0  0  0 23366
BVDotVec             103 1.0 7.2124e+00 1.3 4.75e+06 0.0 5.0e+04 4.7e+02 1.0e+02  1  0 25 30 26   1  0 25 30 26    19
BVOrthogonalizeV      55 1.0 7.2132e+00 1.3 5.62e+06 0.0 5.0e+04 4.7e+02 1.0e+02  1  0 25 30 26   1  0 25 30 26    24
BVScale               74 1.0 2.1577e-0412.1 1.61e+04 0.0 0.0e+00 0.0e+00 0.0e+00  0  0  0  0  0   0  0  0  0  0  2519
BVNormVec             19 1.0 1.4178e+00 1.0 7.14e+05 0.0 9.2e+03 4.7e+02 1.9e+01  0  0  5  6  5   0  0  5  6  5    14
BVNormalize            1 1.0 1.4178e+00 1.0 7.19e+05 0.0 9.2e+03 4.7e+02 1.9e+01  0  0  5  6  5   0  0  5  6  5    15
BVSetRandom            1 1.0 4.8161e-05 7.5 0.00e+00 0.0 0.0e+00 0.0e+00 0.0e+00  0  0  0  0  0   0  0  0  0  0     0
BVMatMultVec          54 1.0 3.4488e+02 1.0 1.68e+10508.9 5.8e+04 2.7e+02 0.0e+00 45 73 29 20  0  45 73 29 20  0   317
DSSolve                3 1.0 2.6075e-0219.0 0.00e+00 0.0 0.0e+00 0.0e+00 0.0e+00  0  0  0  0  0   0  0  0  0  0     0
DSVectors             22 1.0 3.0756e-05 3.0 0.00e+00 0.0 0.0e+00 0.0e+00 0.0e+00  0  0  0  0  0   0  0  0  0  0     0
DSOther                8 1.0 1.0371e-04 1.5 0.00e+00 0.0 0.0e+00 0.0e+00 0.0e+00  0  0  0  0  0   0  0  0  0  0     0
CreateMesh             7 1.0 6.2082e+00 1.0 0.00e+00 0.0 2.5e+04 1.3e+01 1.3e+02  1  0 13  0 32   1  0 13  0 33     0
CreateExtMesh          1 1.0 9.3930e+00 1.0 0.00e+00 0.0 2.7e+04 1.1e+01 8.2e+01  1  0 13  0 20   1  0 13  0 21     0
Mesh: reorder          1 1.0 1.7582e-01 2.8 0.00e+00 0.0 0.0e+00 0.0e+00 2.0e+00  0  0  0  0  0   0  0  0  0  1     0
Mesh: numbering        1 1.0 1.9563e-01 1.6 0.00e+00 0.0 0.0e+00 0.0e+00 2.0e+00  0  0  0  0  0   0  0  0  0  1     0
CreateFunctionSpace       3 1.0 2.8331e+01 2.2 0.00e+00 0.0 4.0e+03 9.5e+00 3.0e+00  3  0  2  0  1   3  0  2  0  1     0
ParLoopExecute         3 1.0 4.7212e+01 1.0 1.30e+04 0.0 2.3e+03 7.5e+01 5.0e+00  6  0  1  0  1   6  0  1  0  1     0
ParLoop_Cells_wrap_pyop2_kernel_uniform_extrusion       2 1.0 9.9015e-04 5.3 0.00e+00 0.0 0.0e+00 0.0e+00 0.0e+00  0  0  0  0  0   0  0  0  0  0     0
CreateSparsity         1 1.0 4.6645e-01 1.2 0.00e+00 0.0 1.4e+03 3.2e+03 7.0e+00  0  0  1  6  2   0  0  1  6  2     0
MatZeroInitial         2 1.0 1.9523e-02493.3 0.00e+00 0.0 0.0e+00 0.0e+00 0.0e+00  0  0  0  0  0   0  0  0  0  0     0
ParLoop_Cells_wrap_form00_cell_integral_otherwise       4 1.0 1.8558e-0242.2 1.30e+04 0.0 0.0e+00 0.0e+00 0.0e+00  0  0  0  0  0   0  0  0  0  0    18
Solve                  1 1.0 3.5751e+02 1.0 1.72e+10508.9 1.1e+05 3.5e+02 1.1e+02 47 74 56 51 28  47 74 56 51 29   312
------------------------------------------------------------------------------------------------------------------------

Memory usage is given in bytes:

Object Type          Creations   Destructions     Memory  Descendants' Mem.
Reports information only for process 0.

--- Event Stage 0: Main Stage

           Container     4              4         2304     0.
              Viewer     1              0            0     0.
         PetscRandom     1              1          646     0.
           Index Set   336            336       306764     0.
   IS L to G Mapping     8              8        24008     0.
             Section    73             73        51976     0.
   Star Forest Graph    57             57        60688     0.
         Vec Scatter     6              6         4800     0.
              Vector    40             40       149400     0.
              Matrix    22             22       145772     0.
      Preconditioner     1              1         1008     0.
       Krylov Solver     1              1         1408     0.
    GraphPartitioner     4              4         2692     0.
    Distributed Mesh    12             12        62072     0.
            DM Label    43             43        27176     0.
     Discrete System    16             16        14976     0.
          EPS Solver     1              1         2540     0.
  Spectral Transform     1              1          888     0.
       Basis Vectors     1              1         9872     0.
       Direct Solver     1              1        25836     0.
              Region     1              1          672     0.
========================================================================================================================
Average time to get PetscTime(): 9.53674e-08
Average time for MPI_Barrier(): 0.0581978
Average time for zero size MPI_Send(): 0.00381327
#PETSc Option Table entries:
-eps_nev 15
-eps_target 3.0
-eps_tol 1e-7
-log_view
-mat_mumps_icntl_13 1
-mat_mumps_icntl_14 200
-st_type sinvert
#End of PETSc Option Table entries
Compiled without FORTRAN kernels
Compiled with full precision matrices (default)
sizeof(short) 2 sizeof(int) 4 sizeof(long) 8 sizeof(void*) 8 sizeof(PetscScalar) 8 sizeof(PetscInt) 4
Configure options: PETSC_DIR=/home/u28/jcrum/firedrake/firedrake/src/petsc PETSC_ARCH=default --download-hypre --download-scalapack --download-hdf5=https://support.hdfgroup.org/ftp/HDF5/releases/hdf5-1.10/hdf5-1.10.6/src/hdf5-1.10.6.tar.bz2 --download-eigen="/home/u28/jcrum/firedrake/firedrake/src/eigen-3.3.3.tgz " --with-c2html=0 --download-hwloc --download-pastix --download-mpich --download-netcdf --with-debugging=0 --with-shared-libraries=1 --download-chaco --with-zlib --with-cxx-dialect=C++11 --download-suitesparse --download-metis --download-mumps --download-pnetcdf --download-ptscotch --download-superlu_dist --with-fortran-bindings=0 --download-ml
-----------------------------------------
Libraries compiled on 2020-09-18 21:38:30 on gpu37 
Machine characteristics: Linux-3.10.0-1127.el7.x86_64-x86_64-with-glibc2.2.5
Using PETSc directory: /home/u28/jcrum/firedrake/firedrake/src/petsc
Using PETSc arch: default
-----------------------------------------

Using C compiler: /home/u28/jcrum/firedrake/firedrake/src/petsc/default/bin/mpicc  -Wall -Wwrite-strings -Wno-strict-aliasing -Wno-unknown-pragmas -fstack-protector -fvisibility=hidden -g -O   
Using Fortran compiler: /home/u28/jcrum/firedrake/firedrake/src/petsc/default/bin/mpif90  -Wall -ffree-line-length-0 -Wno-unused-dummy-argument -g -O    
-----------------------------------------

Using include paths: -I/home/u28/jcrum/firedrake/firedrake/src/petsc/include -I/home/u28/jcrum/firedrake/firedrake/src/petsc/default/include -I/home/u28/jcrum/firedrake/firedrake/src/petsc/default/include/eigen3
-----------------------------------------

Using C linker: /home/u28/jcrum/firedrake/firedrake/src/petsc/default/bin/mpicc
Using Fortran linker: /home/u28/jcrum/firedrake/firedrake/src/petsc/default/bin/mpif90
Using libraries: -Wl,-rpath,/home/u28/jcrum/firedrake/firedrake/src/petsc/default/lib -L/home/u28/jcrum/firedrake/firedrake/src/petsc/default/lib -lpetsc -Wl,-rpath,/home/u28/jcrum/firedrake/firedrake/src/petsc/default/lib -L/home/u28/jcrum/firedrake/firedrake/src/petsc/default/lib -Wl,-rpath,/opt/ohpc/pub/compiler/gcc/8.3.0/lib/gcc/x86_64-pc-linux-gnu/8.3.0 -L/opt/ohpc/pub/compiler/gcc/8.3.0/lib/gcc/x86_64-pc-linux-gnu/8.3.0 -Wl,-rpath,/opt/ohpc/pub/compiler/gcc/8.3.0/lib64 -L/opt/ohpc/pub/compiler/gcc/8.3.0/lib64 -Wl,-rpath,/opt/ohpc/pub/compiler/gcc/8.3.0/lib -L/opt/ohpc/pub/compiler/gcc/8.3.0/lib -lHYPRE -lcmumps -ldmumps -lsmumps -lzmumps -lmumps_common -lpord -lscalapack -lpastix -lumfpack -lklu -lcholmod -lbtf -lccolamd -lcolamd -lcamd -lamd -lsuitesparseconfig -lsuperlu_dist -lml -llapack -lblas -lptesmumps -lptscotchparmetis -lptscotch -lptscotcherr -lesmumps -lscotch -lscotcherr -lpthread -lhwloc -lX11 -lnetcdf -lpnetcdf -lhdf5hl_fortran -lhdf5_fortran -lhdf5_hl -lhdf5 -lchaco -lmetis -lm -lz -lstdc++ -ldl -lmpifort -lmpi -lgfortran -lm -lgfortran -lm -lgcc_s -lquadmath -lrt -lm -lrt -lstdc++ -ldl
-----------------------------------------

