Removing cached TSFC kernels from /home/u28/jcrum/firedrake/firedrake/.cache/tsfc
Removing cached PyOP2 code from /home/u28/jcrum/firedrake/firedrake/.cache/pyop2
DoFs of V are:
7344
SLEPc solve time: 0.205112

******************************
*** SLEPc Solution Results for SminusCurl ***
******************************

Number of iterations of the method: 3
Solution method: krylovschur
Number of requested eigenvalues: 15
Stopping condition: tol=1e-07, maxit=489
Number of converged eigenpairs 18
     1.000000       2.95726e-10
     1.000000       3.44975e-11
     1.000033       1.05049e-10
     1.000033       1.20906e-09
     2.000066       1.27893e-12
     2.000066       1.47569e-09
     2.000390       2.33404e-12
     3.000586       5.82485e-14
     3.000586       3.62792e-14
     4.002049       1.72915e-12
     4.002049        3.6692e-12
     5.002097       2.57548e-10
     5.002097       2.82489e-10
     5.005231       1.44344e-09
     5.005231       2.07046e-10
************************************************************************************************************************
***             WIDEN YOUR WINDOW TO 120 CHARACTERS.  Use 'enscript -r -fCourier9' to print this document            ***
************************************************************************************************************************

---------------------------------------------- PETSc Performance Summary: ----------------------------------------------

/home/u28/jcrum/firedrake/MyFiredrakeWork/TrimmedSerendipityTestCodes/Maxwell_cavity/maxwell_cavity_SminusCurl.py on a default named r1u13n2.puma.hpc.arizona.edu with 94 processors, by jcrum Mon Nov 30 09:39:48 2020
Using Petsc Development GIT revision: v3.4.2-30292-g4fdc5fe  GIT Date: 2020-07-13 18:48:19 +0100

                         Max       Max/Min     Avg       Total
Time (sec):           6.387e+01     1.000   6.386e+01
Objects:              6.300e+02     1.875   3.814e+02
Flop:                 2.272e+10   507.895   1.574e+09  1.479e+11
Flop/sec:             3.558e+08   507.892   2.464e+07  2.316e+09
MPI Messages:         5.429e+03    69.603   2.086e+03  1.961e+05
MPI Message Lengths:  2.322e+06   485.843   3.891e+02  7.631e+07
MPI Reductions:       4.010e+02     1.000

Flop counting convention: 1 flop = 1 real number operation of type (multiply/divide/add/subtract)
                            e.g., VecAXPY() for real vectors of length N --> 2N flop
                            and VecAXPY() for complex vectors of length N --> 8N flop

Summary of Stages:   ----- Time ------  ----- Flop ------  --- Messages ---  -- Message Lengths --  -- Reductions --
                        Avg     %Total     Avg     %Total    Count   %Total     Avg         %Total    Count   %Total
 0:      Main Stage: 6.3863e+01 100.0%  1.4792e+11 100.0%  1.961e+05 100.0%  3.891e+02      100.0%  3.940e+02  98.3%

------------------------------------------------------------------------------------------------------------------------
See the 'Profiling' chapter of the users' manual for details on interpreting output.
Phase summary info:
   Count: number of times phase was executed
   Time and Flop: Max - maximum over all processors
                  Ratio - ratio of maximum to minimum over all processors
   Mess: number of messages sent
   AvgLen: average message length (bytes)
   Reduct: number of global reductions
   Global: entire computation
   Stage: stages of a computation. Set stages with PetscLogStagePush() and PetscLogStagePop().
      %T - percent time in this phase         %F - percent flop in this phase
      %M - percent messages in this phase     %L - percent message lengths in this phase
      %R - percent reductions in this phase
   Total Mflop/s: 10e-6 * (sum of flop over all processors)/(max time over all processors)
------------------------------------------------------------------------------------------------------------------------
Event                Count      Time (sec)     Flop                              --- Global ---  --- Stage ----  Total
                   Max Ratio  Max     Ratio   Max  Ratio  Mess   AvgLen  Reduct  %T %F %M %L %R  %T %F %M %L %R Mflop/s
------------------------------------------------------------------------------------------------------------------------

--- Event Stage 0: Main Stage

BuildTwoSided         41 1.0 4.8503e-01 1.5 0.00e+00 0.0 9.6e+03 4.0e+00 4.1e+01  1  0  5  0 10   1  0  5  0 10     0
BuildTwoSidedF        10 1.0 1.1732e-01 2.4 0.00e+00 0.0 2.1e+03 8.6e+03 1.0e+01  0  0  1 24  2   0  0  1 24  3     0
SFSetGraph            36 1.0 1.5736e-05 4.1 0.00e+00 0.0 0.0e+00 0.0e+00 0.0e+00  0  0  0  0  0   0  0  0  0  0     0
SFSetUp               32 1.0 4.6204e-01 1.8 0.00e+00 0.0 1.7e+04 4.5e+01 3.1e+01  1  0  9  1  8   1  0  9  1  8     0
SFBcastOpBegin       376 1.0 3.4304e-0310.9 0.00e+00 0.0 1.7e+05 3.3e+02 0.0e+00  0  0 89 75  0   0  0 89 75  0     0
SFBcastOpEnd         376 1.0 3.5093e-012798.3 0.00e+00 0.0 0.0e+00 0.0e+00 0.0e+00  0  0  0  0  0   0  0  0  0  0     0
SFReduceBegin          4 1.0 8.0776e-0484.7 0.00e+00 0.0 5.5e+02 1.9e+01 0.0e+00  0  0  0  0  0   0  0  0  0  0     0
SFReduceEnd            4 1.0 2.5734e-0215419.6 0.00e+00 0.0 0.0e+00 0.0e+00 0.0e+00  0  0  0  0  0   0  0  0  0  0     0
SFFetchOpBegin         1 1.0 6.9141e-0614.5 0.00e+00 0.0 1.6e+02 7.1e+00 0.0e+00  0  0  0  0  0   0  0  0  0  0     0
SFFetchOpEnd           1 1.0 1.3064e-0227397.0 0.00e+00 0.0 1.6e+02 7.1e+00 0.0e+00  0  0  0  0  0   0  0  0  0  0     0
SFCreateEmbed          2 1.0 1.0972e-021438.1 0.00e+00 0.0 6.1e+02 3.6e+00 0.0e+00  0  0  0  0  0   0  0  0  0  0     0
SFDistSection         16 1.0 3.1082e-01 1.5 0.00e+00 0.0 1.1e+04 1.2e+01 1.6e+01  0  0  5  0  4   0  0  5  0  4     0
SFSectionSF           16 1.0 3.0659e-01 3.0 0.00e+00 0.0 5.6e+03 8.6e+00 1.6e+01  0  0  3  0  4   0  0  3  0  4     0
SFPack               381 1.0 5.3191e-0415.3 0.00e+00 0.0 0.0e+00 0.0e+00 0.0e+00  0  0  0  0  0   0  0  0  0  0     0
SFUnpack             382 1.0 1.0679e-02526.9 0.00e+00 0.0 0.0e+00 0.0e+00 0.0e+00  0  0  0  0  0   0  0  0  0  0     0
VecDot                18 1.0 2.0137e-0313.7 7.83e+03 0.0 0.0e+00 0.0e+00 1.8e+01  0  0  0  0  4   0  0  0  0  5   131
VecNorm               36 1.0 3.9179e-03 6.7 1.57e+04 0.0 0.0e+00 0.0e+00 3.6e+01  0  0  0  0  9   0  0  0  0  9   135
VecScale              73 1.0 2.3365e-05 7.5 0.00e+00 0.0 0.0e+00 0.0e+00 0.0e+00  0  0  0  0  0   0  0  0  0  0     0
VecCopy               73 1.0 4.0293e-05 5.1 0.00e+00 0.0 0.0e+00 0.0e+00 0.0e+00  0  0  0  0  0   0  0  0  0  0     0
VecSet               135 1.0 6.3896e-05 3.6 0.00e+00 0.0 0.0e+00 0.0e+00 0.0e+00  0  0  0  0  0   0  0  0  0  0     0
VecAXPY               18 1.0 6.9141e-06 5.8 7.85e+03 0.0 0.0e+00 0.0e+00 0.0e+00  0  0  0  0  0   0  0  0  0  0 38238
VecScatterBegin      301 1.0 2.9125e-03 8.1 0.00e+00 0.0 1.5e+05 3.7e+02 0.0e+00  0  0 78 74  0   0  0 78 74  0     0
VecScatterEnd        301 1.0 5.5883e-0334.5 0.00e+00 0.0 0.0e+00 0.0e+00 0.0e+00  0  0  0  0  0   0  0  0  0  0     0
VecSetRandom           1 1.0 3.2663e-0568.5 0.00e+00 0.0 0.0e+00 0.0e+00 0.0e+00  0  0  0  0  0   0  0  0  0  0     0
MatMult              228 1.0 2.6130e-01 1.0 2.27e+10507.9 1.6e+05 3.6e+02 5.0e+00  0100 79 74  1   0100 79 74  1 565778
MatSolve              73 1.0 2.5473e-01 1.0 2.27e+10507.9 4.6e+04 9.6e+01 5.0e+00  0100 23  6  1   0100 23  6  1 579422
MatLUFactorSym         1 1.0 7.1967e-02 1.0 0.00e+00 0.0 0.0e+00 0.0e+00 4.0e+00  0  0  0  0  1   0  0  0  0  1     0
MatLUFactorNum         1 1.0 1.8698e-01 1.0 5.19e+05 0.0 0.0e+00 0.0e+00 0.0e+00  0  0  0  0  0   0  0  0  0  0    24
MatConvert             1 1.0 1.2124e-03 9.3 0.00e+00 0.0 9.7e+02 1.2e+02 1.0e+00  0  0  0  0  0   0  0  0  0  0     0
MatAssemblyBegin      10 1.0 1.1752e-01 2.2 0.00e+00 0.0 2.1e+03 8.6e+03 1.0e+01  0  0  1 24  2   0  0  1 24  3     0
MatAssemblyEnd        10 1.0 1.4361e-01 1.2 1.55e+04 0.0 2.9e+03 1.2e+02 1.5e+01  0  0  1  0  4   0  0  1  0  4     2
MatAXPY                1 1.0 2.9197e-03 1.5 1.87e+04 0.0 9.7e+02 1.2e+02 8.0e+00  0  0  0  0  2   0  0  0  0  2   183
PCSetUp                1 1.0 2.6521e-01 1.0 5.19e+05 0.0 0.0e+00 0.0e+00 6.0e+00  0  0  0  0  1   0  0  0  0  2    17
PCApply               73 1.0 2.5475e-01 1.0 2.27e+10507.9 4.6e+04 9.6e+01 5.0e+00  0100 23  6  1   0100 23  6  1 579365
KSPSetUp               1 1.0 9.5367e-07 0.0 0.00e+00 0.0 0.0e+00 0.0e+00 0.0e+00  0  0  0  0  0   0  0  0  0  0     0
KSPSolve              73 1.0 2.5488e-01 1.0 2.27e+10507.9 4.6e+04 9.6e+01 5.0e+00  0100 23  6  1   0100 23  6  1 579080
DMPlexCrFrCeLi         1 1.0 5.1293e-02 2.0 0.00e+00 0.0 0.0e+00 0.0e+00 1.0e+00  0  0  0  0  0   0  0  0  0  0     0
DMPlexCrFrCeLiCo       1 1.0 7.4625e-05 3.3 0.00e+00 0.0 0.0e+00 0.0e+00 0.0e+00  0  0  0  0  0   0  0  0  0  0     0
Mesh Partition         2 1.0 3.2075e-01 1.1 0.00e+00 0.0 4.7e+03 1.3e+01 2.4e+01  0  0  2  0  6   0  0  2  0  6     0
Mesh Migration         2 1.0 9.6304e-01 1.0 0.00e+00 0.0 2.0e+04 1.2e+01 1.0e+02  1  0 10  0 25   1  0 10  0 26     0
DMPlexPartSelf         1 1.0 1.2898e-021229.5 0.00e+00 0.0 0.0e+00 0.0e+00 0.0e+00  0  0  0  0  0   0  0  0  0  0     0
DMPlexPartLblInv       2 1.0 6.4969e-02 1.7 0.00e+00 0.0 0.0e+00 0.0e+00 6.0e+00  0  0  0  0  1   0  0  0  0  2     0
DMPlexPartLblSF        2 1.0 5.1188e-02 4.9 0.00e+00 0.0 1.2e+03 9.2e+00 2.0e+00  0  0  1  0  0   0  0  1  0  1     0
DMPlexPartStrtSF       2 1.0 1.3540e-02121.4 0.00e+00 0.0 6.1e+02 2.9e+01 0.0e+00  0  0  0  0  0   0  0  0  0  0     0
DMPlexPointSF          2 1.0 2.5927e-021221.9 0.00e+00 0.0 6.7e+02 3.6e+01 0.0e+00  0  0  0  0  0   0  0  0  0  0     0
DMPlexInterp           1 1.0 4.7127e-02 2.1 0.00e+00 0.0 0.0e+00 0.0e+00 2.0e+00  0  0  0  0  0   0  0  0  0  1     0
DMPlexDistribute       1 1.0 4.7738e-01 1.1 0.00e+00 0.0 2.6e+03 3.1e+01 5.3e+01  1  0  1  0 13   1  0  1  0 13     0
DMPlexDistCones        2 1.0 8.7945e-02 1.4 0.00e+00 0.0 3.3e+03 1.7e+01 4.0e+00  0  0  2  0  1   0  0  2  0  1     0
DMPlexDistLabels       2 1.0 5.2967e-01 1.0 0.00e+00 0.0 1.0e+04 1.2e+01 7.6e+01  1  0  5  0 19   1  0  5  0 19     0
DMPlexDistOvrlp        1 1.0 8.2007e-01 1.0 0.00e+00 0.0 2.3e+04 1.1e+01 7.3e+01  1  0 12  0 18   1  0 12  0 19     0
DMPlexDistField        3 1.0 1.2694e-01 1.4 0.00e+00 0.0 4.2e+03 1.0e+01 8.0e+00  0  0  2  0  2   0  0  2  0  2     0
DMPlexDistData         1 1.0 3.8817e-02 1.5 0.00e+00 0.0 1.8e+03 8.9e+00 2.0e+00  0  0  1  0  0   0  0  1  0  1     0
DMPlexStratify         4 1.0 1.1487e-01 2.2 0.00e+00 0.0 0.0e+00 0.0e+00 4.0e+00  0  0  0  0  1   0  0  0  0  1     0
DMPlexSymmetrize       4 1.0 2.4557e-0512.9 0.00e+00 0.0 0.0e+00 0.0e+00 0.0e+00  0  0  0  0  0   0  0  0  0  0     0
EPSSetUp               1 1.0 2.7115e-01 1.0 5.19e+05 0.0 1.9e+03 1.2e+02 2.1e+01  0  0  1  0  5   0  0  1  0  5    18
EPSSolve               1 1.0 2.0596e-01 1.0 1.71e+10507.9 1.1e+05 3.5e+02 1.1e+02  0 75 56 51 28   0 75 56 51 28 541081
STSetUp                1 1.0 2.6919e-01 1.0 5.19e+05 0.0 1.9e+03 1.2e+02 1.7e+01  0  0  1  0  4   0  0  1  0  4    19
STComputeOperatr       1 1.0 3.6268e-03 1.4 1.87e+04 0.0 1.9e+03 1.2e+02 9.0e+00  0  0  1  0  2   0  0  1  0  2   147
STApply               73 1.0 2.5505e-01 1.0 2.27e+10507.9 8.1e+04 2.6e+02 5.0e+00  0100 41 28  1   0100 41 28  1 578991
STMatSolve            73 1.0 2.5491e-01 1.0 2.27e+10507.9 4.6e+04 9.6e+01 5.0e+00  0100 23  6  1   0100 23  6  1 579008
BVCopy                75 1.0 7.0333e-05 2.1 0.00e+00 0.0 0.0e+00 0.0e+00 0.0e+00  0  0  0  0  0   0  0  0  0  0     0
BVMultVec            101 1.0 3.4618e-0414.8 8.53e+05 0.0 0.0e+00 0.0e+00 0.0e+00  0  0  0  0  0   0  0  0  0  0 83032
BVMultInPlace          3 1.0 1.9264e-04161.6 4.88e+05 0.0 0.0e+00 0.0e+00 0.0e+00  0  0  0  0  0   0  0  0  0  0 85394
BVDotVec             101 1.0 6.9027e-03 1.2 4.65e+06 0.0 4.9e+04 4.7e+02 1.0e+02  0  0 25 30 26   0  0 25 30 26 19894
BVOrthogonalizeV      55 1.0 7.4453e-03 1.2 5.50e+06 0.0 4.9e+04 4.7e+02 1.0e+02  0  0 25 30 26   0  0 25 30 26 22305
BVScale               73 1.0 3.8147e-0511.4 1.59e+04 0.0 0.0e+00 0.0e+00 0.0e+00  0  0  0  0  0   0  0  0  0  0 14054
BVNormVec             18 1.0 2.0809e-03 1.5 6.77e+05 0.0 8.7e+03 4.7e+02 1.8e+01  0  0  4  5  4   0  0  4  5  5  9299
BVNormalize            1 1.0 2.0895e-03 1.5 6.81e+05 0.0 8.7e+03 4.7e+02 1.8e+01  0  0  4  5  4   0  0  4  5  5  9324
BVSetRandom            1 1.0 4.0531e-05 9.4 0.00e+00 0.0 0.0e+00 0.0e+00 0.0e+00  0  0  0  0  0   0  0  0  0  0     0
BVMatMultVec          54 1.0 1.8074e-01 1.0 1.68e+10507.9 5.8e+04 2.7e+02 0.0e+00  0 74 29 20  0   0 74 29 20  0 604381
DSSolve                3 1.0 1.2372e-03 2.8 0.00e+00 0.0 0.0e+00 0.0e+00 0.0e+00  0  0  0  0  0   0  0  0  0  0     0
DSVectors             21 1.0 5.4836e-06 1.5 0.00e+00 0.0 0.0e+00 0.0e+00 0.0e+00  0  0  0  0  0   0  0  0  0  0     0
DSOther                8 1.0 3.2663e-05 1.6 0.00e+00 0.0 0.0e+00 0.0e+00 0.0e+00  0  0  0  0  0   0  0  0  0  0     0
CreateMesh             7 1.0 1.4035e+00 1.0 0.00e+00 0.0 2.5e+04 1.3e+01 1.3e+02  2  0 13  0 32   2  0 13  0 33     0
CreateExtMesh          1 1.0 1.6804e+00 1.1 0.00e+00 0.0 2.7e+04 1.1e+01 8.2e+01  3  0 14  0 20   3  0 14  0 21     0
Mesh: reorder          1 1.0 6.3945e-02 1.7 0.00e+00 0.0 0.0e+00 0.0e+00 2.0e+00  0  0  0  0  0   0  0  0  0  1     0
Mesh: numbering        1 1.0 3.9694e-02 1.5 0.00e+00 0.0 0.0e+00 0.0e+00 2.0e+00  0  0  0  0  0   0  0  0  0  1     0
CreateFunctionSpace       3 1.0 1.2180e+01 2.2 0.00e+00 0.0 4.0e+03 9.5e+00 3.0e+00  9  0  2  0  1   9  0  2  0  1     0
ParLoopExecute         3 1.0 1.2722e+01 1.0 1.30e+04 0.0 2.3e+03 7.5e+01 5.0e+00 20  0  1  0  1  20  0  1  0  1     0
ParLoop_Cells_wrap_pyop2_kernel_uniform_extrusion       2 1.0 2.2173e-04 2.9 0.00e+00 0.0 0.0e+00 0.0e+00 0.0e+00  0  0  0  0  0   0  0  0  0  0     0
CreateSparsity         1 1.0 1.0173e-01 1.3 0.00e+00 0.0 1.4e+03 3.2e+03 7.0e+00  0  0  1  6  2   0  0  1  6  2     0
MatZeroInitial         2 1.0 9.0551e-0435.2 0.00e+00 0.0 0.0e+00 0.0e+00 0.0e+00  0  0  0  0  0   0  0  0  0  0     0
ParLoop_Cells_wrap_form00_cell_integral_otherwise       4 1.0 2.0599e-0311.9 1.30e+04 0.0 0.0e+00 0.0e+00 0.0e+00  0  0  0  0  0   0  0  0  0  0   158
Solve                  1 1.0 2.0599e-01 1.0 1.71e+10507.9 1.1e+05 3.5e+02 1.1e+02  0 75 56 51 28   0 75 56 51 28 541006
------------------------------------------------------------------------------------------------------------------------

Memory usage is given in bytes:

Object Type          Creations   Destructions     Memory  Descendants' Mem.
Reports information only for process 0.

--- Event Stage 0: Main Stage

           Container     4              4         2304     0.
              Viewer     1              0            0     0.
         PetscRandom     1              1          646     0.
           Index Set   336            336       306764     0.
   IS L to G Mapping     8              8        24008     0.
             Section    73             73        51976     0.
   Star Forest Graph    57             57        60688     0.
         Vec Scatter     6              6         4800     0.
              Vector    40             40       149400     0.
              Matrix    22             22       145772     0.
      Preconditioner     1              1         1008     0.
       Krylov Solver     1              1         1408     0.
    GraphPartitioner     4              4         2692     0.
    Distributed Mesh    12             12        62072     0.
            DM Label    43             43        27176     0.
     Discrete System    16             16        14976     0.
          EPS Solver     1              1         2540     0.
  Spectral Transform     1              1          888     0.
       Basis Vectors     1              1         9872     0.
       Direct Solver     1              1        25836     0.
              Region     1              1          672     0.
========================================================================================================================
Average time to get PetscTime(): 4.76837e-08
Average time for MPI_Barrier(): 1.0252e-05
Average time for zero size MPI_Send(): 2.27259e-06
#PETSc Option Table entries:
-eps_nev 15
-eps_target 3.0
-eps_tol 1e-7
-log_view
-mat_mumps_icntl_13 1
-mat_mumps_icntl_14 200
-st_type sinvert
#End of PETSc Option Table entries
Compiled without FORTRAN kernels
Compiled with full precision matrices (default)
sizeof(short) 2 sizeof(int) 4 sizeof(long) 8 sizeof(void*) 8 sizeof(PetscScalar) 8 sizeof(PetscInt) 4
Configure options: PETSC_DIR=/home/u28/jcrum/firedrake/firedrake/src/petsc PETSC_ARCH=default --download-hypre --download-scalapack --download-hdf5=https://support.hdfgroup.org/ftp/HDF5/releases/hdf5-1.10/hdf5-1.10.6/src/hdf5-1.10.6.tar.bz2 --download-eigen="/home/u28/jcrum/firedrake/firedrake/src/eigen-3.3.3.tgz " --with-c2html=0 --download-hwloc --download-pastix --download-mpich --download-netcdf --with-debugging=0 --with-shared-libraries=1 --download-chaco --with-zlib --with-cxx-dialect=C++11 --download-suitesparse --download-metis --download-mumps --download-pnetcdf --download-ptscotch --download-superlu_dist --with-fortran-bindings=0 --download-ml
-----------------------------------------
Libraries compiled on 2020-09-18 21:38:30 on gpu37 
Machine characteristics: Linux-3.10.0-1127.el7.x86_64-x86_64-with-glibc2.2.5
Using PETSc directory: /home/u28/jcrum/firedrake/firedrake/src/petsc
Using PETSc arch: default
-----------------------------------------

Using C compiler: /home/u28/jcrum/firedrake/firedrake/src/petsc/default/bin/mpicc  -Wall -Wwrite-strings -Wno-strict-aliasing -Wno-unknown-pragmas -fstack-protector -fvisibility=hidden -g -O   
Using Fortran compiler: /home/u28/jcrum/firedrake/firedrake/src/petsc/default/bin/mpif90  -Wall -ffree-line-length-0 -Wno-unused-dummy-argument -g -O    
-----------------------------------------

Using include paths: -I/home/u28/jcrum/firedrake/firedrake/src/petsc/include -I/home/u28/jcrum/firedrake/firedrake/src/petsc/default/include -I/home/u28/jcrum/firedrake/firedrake/src/petsc/default/include/eigen3
-----------------------------------------

Using C linker: /home/u28/jcrum/firedrake/firedrake/src/petsc/default/bin/mpicc
Using Fortran linker: /home/u28/jcrum/firedrake/firedrake/src/petsc/default/bin/mpif90
Using libraries: -Wl,-rpath,/home/u28/jcrum/firedrake/firedrake/src/petsc/default/lib -L/home/u28/jcrum/firedrake/firedrake/src/petsc/default/lib -lpetsc -Wl,-rpath,/home/u28/jcrum/firedrake/firedrake/src/petsc/default/lib -L/home/u28/jcrum/firedrake/firedrake/src/petsc/default/lib -Wl,-rpath,/opt/ohpc/pub/compiler/gcc/8.3.0/lib/gcc/x86_64-pc-linux-gnu/8.3.0 -L/opt/ohpc/pub/compiler/gcc/8.3.0/lib/gcc/x86_64-pc-linux-gnu/8.3.0 -Wl,-rpath,/opt/ohpc/pub/compiler/gcc/8.3.0/lib64 -L/opt/ohpc/pub/compiler/gcc/8.3.0/lib64 -Wl,-rpath,/opt/ohpc/pub/compiler/gcc/8.3.0/lib -L/opt/ohpc/pub/compiler/gcc/8.3.0/lib -lHYPRE -lcmumps -ldmumps -lsmumps -lzmumps -lmumps_common -lpord -lscalapack -lpastix -lumfpack -lklu -lcholmod -lbtf -lccolamd -lcolamd -lcamd -lamd -lsuitesparseconfig -lsuperlu_dist -lml -llapack -lblas -lptesmumps -lptscotchparmetis -lptscotch -lptscotcherr -lesmumps -lscotch -lscotcherr -lpthread -lhwloc -lX11 -lnetcdf -lpnetcdf -lhdf5hl_fortran -lhdf5_fortran -lhdf5_hl -lhdf5 -lchaco -lmetis -lm -lz -lstdc++ -ldl -lmpifort -lmpi -lgfortran -lm -lgfortran -lm -lgcc_s -lquadmath -lrt -lm -lrt -lstdc++ -ldl
-----------------------------------------

